c:\users\user\desktop\connect 4\connect 4b\connect 4\debug\vc141.pdb
c:\users\user\desktop\connect 4\connect 4b\connect 4\debug\.netframework,version=v4.6.1.assemblyattributes.obj
c:\users\user\desktop\connect 4\connect 4b\connect 4\debug\.netframework,version=v4.6.1.assemblyattributes.asm
c:\users\user\desktop\connect 4\connect 4b\connect 4\debug\board.obj
c:\users\user\desktop\connect 4\connect 4b - copy\connect 4\debug\vc141.pdb
c:\users\user\desktop\connect 4\connect 4b - copy\connect 4\debug\board.obj
c:\users\user\desktop\new folder\sherlock\connect 4\source\connect 4\debug\vc141.pdb
c:\users\user\desktop\new folder\sherlock\connect 4\source\connect 4\debug\board.obj
c:\users\user\desktop\connect 4\connect 4b\connect 4\debug\connect4.board.resources
c:\users\user\desktop\connect 4\connect 4b - copy\connect 4\debug\connect4.board.resources
c:\users\user\desktop\new folder\sherlock\connect 4\source\connect 4\debug\connect4.board.resources
c:\users\user\desktop\connect 4\connect 4b\debug\connect4.exe
c:\users\user\desktop\connect 4\connect 4b\debug\connect4.pdb
c:\users\user\desktop\connect 4\connect 4b - copy\debug\connect4.exe
c:\users\user\desktop\connect 4\connect 4b - copy\debug\connect4.pdb
c:\users\user\desktop\new folder\sherlock\connect 4\source\debug\connect4.exe
c:\users\user\desktop\new folder\sherlock\connect 4\source\debug\connect4.pdb
c:\users\user\desktop\new folder\sherlock\connect 4\source\connect 4\debug\connect 4.vcxproj.generateresource.cache
c:\users\user\desktop\new folder\sherlock\connect 4\source\connect 4\debug\connect 4.vcxprojresolveassemblyreference.cache
c:\users\user\desktop\new folder\sherlock\connect 4\source\connect 4\debug\.netframework,version=v4.6.1.assemblyattributes.obj
c:\users\user\desktop\new folder\sherlock\connect 4\source\connect 4\debug\connect4.tlog\cl.command.1.tlog
c:\users\user\desktop\new folder\sherlock\connect 4\source\connect 4\debug\connect4.tlog\cl.read.1.tlog
c:\users\user\desktop\new folder\sherlock\connect 4\source\connect 4\debug\connect4.tlog\cl.write.1.tlog
c:\users\user\desktop\new folder\sherlock\connect 4\source\connect 4\debug\connect4.tlog\connect4.write.1u.tlog
c:\users\user\desktop\new folder\sherlock\connect 4\source\connect 4\debug\connect4.tlog\link.command.1.tlog
c:\users\user\desktop\new folder\sherlock\connect 4\source\connect 4\debug\connect4.tlog\link.read.1.tlog
c:\users\user\desktop\new folder\sherlock\connect 4\source\connect 4\debug\connect4.tlog\link.write.1.tlog
c:\users\user\desktop\new folder\sherlock\connect 4\source\connect 4\debug\connect4.tlog\metagen.read.1.tlog
c:\users\user\desktop\new folder\sherlock\connect 4\source\connect 4\debug\connect4.tlog\metagen.write.1.tlog
c:\users\user\desktop\new folder\sherlock\connect 4\source\connect 4\debug\connect4.tlog\tzres.dll.bi
